[debug] [2021-10-20T04:33:16.937Z] ----------------------------------------------------------------------
[debug] [2021-10-20T04:33:16.940Z] Command:       /Users/markradomski/.nvm/versions/node/v12.16.0/bin/node /usr/local/bin/firebase deploy --debug
[debug] [2021-10-20T04:33:16.940Z] CLI Version:   3.13.1
[debug] [2021-10-20T04:33:16.940Z] Platform:      darwin
[debug] [2021-10-20T04:33:16.940Z] Node Version:  v12.16.0
[debug] [2021-10-20T04:33:16.943Z] Time:          Wed Oct 20 2021 15:03:16 GMT+1030 (Australian Central Daylight Time)
[debug] [2021-10-20T04:33:16.944Z] ----------------------------------------------------------------------
[debug] 
[debug] [2021-10-20T04:33:16.958Z] > command requires scopes: ["email","openid","https://www.googleapis.com/auth/cloudplatformprojects.readonly","https://www.googleapis.com/auth/firebase","https://www.googleapis.com/auth/cloud-platform"]
[debug] [2021-10-20T04:33:16.958Z] > authorizing via signed-in user
[debug] [2021-10-20T04:33:16.959Z] > refreshing access token with scopes: ["email","https://www.googleapis.com/auth/cloud-platform","https://www.googleapis.com/auth/cloudplatformprojects.readonly","https://www.googleapis.com/auth/firebase","openid"]
[debug] [2021-10-20T04:33:16.960Z] >>> HTTP REQUEST POST https://www.googleapis.com/oauth2/v3/token {
  refresh_token: '1/DYTXpO82IZHhjjojDU2iKtbe_zEIeEiIuxin1WfOsCatOMJ-b7i2pwt1mwiskLgD',
  client_id: '563584335869-fgrhgmd47bqnekij5i8b5pr03ho849e6.apps.googleusercontent.com',
  client_secret: 'j9iVZfS8kkCEFUPaAeJV0sAi',
  grant_type: 'refresh_token',
  scope: 'email https://www.googleapis.com/auth/cloud-platform https://www.googleapis.com/auth/cloudplatformprojects.readonly https://www.googleapis.com/auth/firebase openid'
} 
 Wed Oct 20 2021 15:03:16 GMT+1030 (Australian Central Daylight Time)
[debug] [2021-10-20T04:33:17.309Z] <<< HTTP RESPONSE 400
[debug] [2021-10-20T04:33:17.310Z] <<< HTTP RESPONSE BODY
[error] 
[error] Error: Authentication Error: Your credentials are no longer valid. Please run firebase login --reauth

For CI servers and headless environments, generate a new token with firebase login:ci
